<?xml version="1.0" encoding="UTF-8"?>
<TestRun id="2019b40a-1700-44a5-9242-d71fcb00aa9f" name="attfire1@D206-59042 2014-03-14 23:41:33" runUser="OPNET\attfire1" xmlns="http://microsoft.com/schemas/VisualStudio/TeamTest/2010">
  <TestSettings name="Local" id="f279ea62-320e-40c3-b444-a69b5220c512">
    <Description>These are default test settings for a local test run.</Description>
    <Deployment enabled="false" runDeploymentRoot="attfire1_D206-59042 2014-03-14 23_41_33">
      <DeploymentItem filename="C:\Users\attfire1\Desktop\EncryptionToolPractical\EncryptionToolPractical\bin\Debug\EncryptionToolPractical.exe" />
    </Deployment>
    <Execution>
      <TestTypeSpecific />
      <AgentRule name="Execution Agents">
      </AgentRule>
    </Execution>
  </TestSettings>
  <Times creation="2014-03-14T23:41:33.9149694+13:00" queuing="2014-03-14T23:41:33.9579694+13:00" start="2014-03-14T23:41:33.9619694+13:00" finish="2014-03-14T23:41:34.1089694+13:00" />
  <ResultSummary outcome="Completed">
    <Counters total="1" executed="1" passed="1" error="0" failed="0" timeout="0" aborted="0" inconclusive="0" passedButRunAborted="0" notRunnable="0" notExecuted="0" disconnected="0" warning="0" completed="0" inProgress="0" pending="0" />
  </ResultSummary>
  <TestDefinitions>
    <UnitTest name="encryptTestPlainTextLowerCaseString" storage="c:\users\attfire1\desktop\encryptiontoolpractical\encryptiontoolunittests\bin\debug\encryptiontoolunittests.dll" id="aa648c71-6b40-309c-55e7-8f215617733d">
      <Execution id="55fa16e3-fe3b-4b23-92ce-1d0a863f4297" />
      <TestMethod codeBase="C:/Users/attfire1/Desktop/EncryptionToolPractical/EncryptionToolUnitTests/bin/Debug/EncryptionToolUnitTests.DLL" adapterTypeName="Microsoft.VisualStudio.TestTools.TestTypes.Unit.UnitTestAdapter, Microsoft.VisualStudio.QualityTools.Tips.UnitTest.Adapter, Version=10.0.0.0, Culture=neutral, PublicKeyToken=b03f5f7f11d50a3a" className="EncryptionToolUnitTests.PlainTextTest, EncryptionToolUnitTests, Version=1.0.0.0, Culture=neutral, PublicKeyToken=null" name="encryptTestPlainTextLowerCaseString" />
    </UnitTest>
  </TestDefinitions>
  <TestLists>
    <TestList name="Results Not in a List" id="8c84fa94-04c1-424b-9868-57a2d4851a1d" />
    <TestList name="All Loaded Results" id="19431567-8539-422a-85d7-44ee4e166bda" />
  </TestLists>
  <TestEntries>
    <TestEntry testId="aa648c71-6b40-309c-55e7-8f215617733d" executionId="55fa16e3-fe3b-4b23-92ce-1d0a863f4297" testListId="8c84fa94-04c1-424b-9868-57a2d4851a1d" />
  </TestEntries>
  <Results>
    <UnitTestResult executionId="55fa16e3-fe3b-4b23-92ce-1d0a863f4297" testId="aa648c71-6b40-309c-55e7-8f215617733d" testName="encryptTestPlainTextLowerCaseString" computerName="D206-59042" duration="00:00:00.0099110" startTime="2014-03-14T23:41:33.9639694+13:00" endTime="2014-03-14T23:41:34.0999694+13:00" testType="13cdc9d9-ddb5-4fa4-a97d-d965ccfc6d4b" outcome="Passed" testListId="8c84fa94-04c1-424b-9868-57a2d4851a1d" relativeResultsDirectory="55fa16e3-fe3b-4b23-92ce-1d0a863f4297">
    </UnitTestResult>
  </Results>
</TestRun>