<?xml version="1.0" encoding="UTF-8"?>
<TestRun id="93ff4b76-f5dc-4491-893a-6ad6f5454276" name="attfire1@D206-59042 2014-03-14 23:31:43" runUser="OPNET\attfire1" xmlns="http://microsoft.com/schemas/VisualStudio/TeamTest/2010">
  <TestSettings name="Local" id="f279ea62-320e-40c3-b444-a69b5220c512">
    <Description>These are default test settings for a local test run.</Description>
    <Deployment enabled="false" runDeploymentRoot="attfire1_D206-59042 2014-03-14 23_31_43">
      <DeploymentItem filename="C:\Users\attfire1\Desktop\EncryptionToolPractical\EncryptionToolPractical\bin\Debug\EncryptionToolPractical.exe" />
    </Deployment>
    <Execution>
      <TestTypeSpecific />
      <AgentRule name="Execution Agents">
      </AgentRule>
    </Execution>
  </TestSettings>
  <Times creation="2014-03-14T23:31:43.5829694+13:00" queuing="2014-03-14T23:31:43.6579694+13:00" start="2014-03-14T23:31:43.6619694+13:00" finish="2014-03-14T23:31:43.8359694+13:00" />
  <ResultSummary outcome="Failed">
    <Counters total="1" executed="1" error="0" failed="1" timeout="0" aborted="0" inconclusive="0" passedButRunAborted="0" notRunnable="0" notExecuted="0" disconnected="0" warning="0" passed="0" completed="0" inProgress="0" pending="0" />
  </ResultSummary>
  <TestDefinitions>
    <UnitTest name="encryptTestPlainTextNullString" storage="c:\users\attfire1\desktop\encryptiontoolpractical\encryptiontoolunittests\bin\debug\encryptiontoolunittests.dll" id="2b757598-82b3-00bf-3add-de90b696008c">
      <Execution id="8e8e3a01-e43a-4893-91e2-85c02df7e850" />
      <TestMethod codeBase="C:/Users/attfire1/Desktop/EncryptionToolPractical/EncryptionToolUnitTests/bin/Debug/EncryptionToolUnitTests.DLL" adapterTypeName="Microsoft.VisualStudio.TestTools.TestTypes.Unit.UnitTestAdapter, Microsoft.VisualStudio.QualityTools.Tips.UnitTest.Adapter, Version=10.0.0.0, Culture=neutral, PublicKeyToken=b03f5f7f11d50a3a" className="EncryptionToolUnitTests.PlainTextTest, EncryptionToolUnitTests, Version=1.0.0.0, Culture=neutral, PublicKeyToken=null" name="encryptTestPlainTextNullString" />
    </UnitTest>
  </TestDefinitions>
  <TestLists>
    <TestList name="Results Not in a List" id="8c84fa94-04c1-424b-9868-57a2d4851a1d" />
    <TestList name="All Loaded Results" id="19431567-8539-422a-85d7-44ee4e166bda" />
  </TestLists>
  <TestEntries>
    <TestEntry testId="2b757598-82b3-00bf-3add-de90b696008c" executionId="8e8e3a01-e43a-4893-91e2-85c02df7e850" testListId="8c84fa94-04c1-424b-9868-57a2d4851a1d" />
  </TestEntries>
  <Results>
    <UnitTestResult executionId="8e8e3a01-e43a-4893-91e2-85c02df7e850" testId="2b757598-82b3-00bf-3add-de90b696008c" testName="encryptTestPlainTextNullString" computerName="D206-59042" duration="00:00:00.0248902" startTime="2014-03-14T23:31:43.6639694+13:00" endTime="2014-03-14T23:31:43.8189694+13:00" testType="13cdc9d9-ddb5-4fa4-a97d-d965ccfc6d4b" outcome="Failed" testListId="8c84fa94-04c1-424b-9868-57a2d4851a1d" relativeResultsDirectory="8e8e3a01-e43a-4893-91e2-85c02df7e850">
      <Output>
        <ErrorInfo>
          <Message>Test method EncryptionToolUnitTests.PlainTextTest.encryptTestPlainTextNullString did not throw expected exception System.InvalidOperationException. You must enter some text to encrypt.</Message>
        </ErrorInfo>
      </Output>
    </UnitTestResult>
  </Results>
</TestRun>