<?xml version="1.0" encoding="UTF-8"?>
<TestRun id="28abb6ef-d078-41aa-805a-7fb9defe9af5" name="attfire1@D206-59042 2014-03-14 23:48:45" runUser="OPNET\attfire1" xmlns="http://microsoft.com/schemas/VisualStudio/TeamTest/2010">
  <TestSettings name="Local" id="f279ea62-320e-40c3-b444-a69b5220c512">
    <Description>These are default test settings for a local test run.</Description>
    <Deployment enabled="false" runDeploymentRoot="attfire1_D206-59042 2014-03-14 23_48_45">
      <DeploymentItem filename="C:\Users\attfire1\Desktop\EncryptionToolPractical\EncryptionToolPractical\bin\Debug\EncryptionToolPractical.exe" />
    </Deployment>
    <Execution>
      <TestTypeSpecific />
      <AgentRule name="Execution Agents">
      </AgentRule>
    </Execution>
  </TestSettings>
  <Times creation="2014-03-14T23:48:45.2949694+13:00" queuing="2014-03-14T23:48:45.3579694+13:00" start="2014-03-14T23:48:45.3619694+13:00" finish="2014-03-14T23:48:45.5159694+13:00" />
  <ResultSummary outcome="Completed">
    <Counters total="1" executed="1" passed="1" error="0" failed="0" timeout="0" aborted="0" inconclusive="0" passedButRunAborted="0" notRunnable="0" notExecuted="0" disconnected="0" warning="0" completed="0" inProgress="0" pending="0" />
  </ResultSummary>
  <TestDefinitions>
    <UnitTest name="encryptTestPlainTextIntegersLowerUpperCase" storage="c:\users\attfire1\desktop\encryptiontoolpractical\encryptiontoolunittests\bin\debug\encryptiontoolunittests.dll" id="1352df41-fea6-93b8-3ddf-20676472a218">
      <Execution id="5b811d8c-90d7-4437-8cd6-ae3b36ef2ede" />
      <TestMethod codeBase="C:/Users/attfire1/Desktop/EncryptionToolPractical/EncryptionToolUnitTests/bin/Debug/EncryptionToolUnitTests.DLL" adapterTypeName="Microsoft.VisualStudio.TestTools.TestTypes.Unit.UnitTestAdapter, Microsoft.VisualStudio.QualityTools.Tips.UnitTest.Adapter, Version=10.0.0.0, Culture=neutral, PublicKeyToken=b03f5f7f11d50a3a" className="EncryptionToolUnitTests.PlainTextTest, EncryptionToolUnitTests, Version=1.0.0.0, Culture=neutral, PublicKeyToken=null" name="encryptTestPlainTextIntegersLowerUpperCase" />
    </UnitTest>
  </TestDefinitions>
  <TestLists>
    <TestList name="Results Not in a List" id="8c84fa94-04c1-424b-9868-57a2d4851a1d" />
    <TestList name="All Loaded Results" id="19431567-8539-422a-85d7-44ee4e166bda" />
  </TestLists>
  <TestEntries>
    <TestEntry testId="1352df41-fea6-93b8-3ddf-20676472a218" executionId="5b811d8c-90d7-4437-8cd6-ae3b36ef2ede" testListId="8c84fa94-04c1-424b-9868-57a2d4851a1d" />
  </TestEntries>
  <Results>
    <UnitTestResult executionId="5b811d8c-90d7-4437-8cd6-ae3b36ef2ede" testId="1352df41-fea6-93b8-3ddf-20676472a218" testName="encryptTestPlainTextIntegersLowerUpperCase" computerName="D206-59042" duration="00:00:00.0097480" startTime="2014-03-14T23:48:45.3639694+13:00" endTime="2014-03-14T23:48:45.5009694+13:00" testType="13cdc9d9-ddb5-4fa4-a97d-d965ccfc6d4b" outcome="Passed" testListId="8c84fa94-04c1-424b-9868-57a2d4851a1d" relativeResultsDirectory="5b811d8c-90d7-4437-8cd6-ae3b36ef2ede">
    </UnitTestResult>
  </Results>
</TestRun>