<?xml version="1.0" encoding="UTF-8"?>
<TestRun id="aa44a81d-1dc2-409c-a26a-ecf05cb5704b" name="attfire1@D206-59042 2014-03-14 23:41:49" runUser="OPNET\attfire1" xmlns="http://microsoft.com/schemas/VisualStudio/TeamTest/2010">
  <TestSettings name="Local" id="f279ea62-320e-40c3-b444-a69b5220c512">
    <Description>These are default test settings for a local test run.</Description>
    <Deployment enabled="false" runDeploymentRoot="attfire1_D206-59042 2014-03-14 23_41_49">
      <DeploymentItem filename="C:\Users\attfire1\Desktop\EncryptionToolPractical\EncryptionToolPractical\bin\Debug\EncryptionToolPractical.exe" />
    </Deployment>
    <Execution>
      <TestTypeSpecific />
      <AgentRule name="Execution Agents">
      </AgentRule>
    </Execution>
  </TestSettings>
  <Times creation="2014-03-14T23:41:49.1389694+13:00" queuing="2014-03-14T23:41:49.1749694+13:00" start="2014-03-14T23:41:49.1789694+13:00" finish="2014-03-14T23:41:49.3949694+13:00" />
  <ResultSummary outcome="Failed">
    <Counters total="7" executed="7" passed="5" error="0" failed="1" timeout="0" aborted="0" inconclusive="1" passedButRunAborted="0" notRunnable="0" notExecuted="0" disconnected="0" warning="0" completed="0" inProgress="0" pending="0" />
  </ResultSummary>
  <TestDefinitions>
    <UnitTest name="TestMethod1" storage="c:\users\attfire1\desktop\encryptiontoolpractical\encryptiontoolunittests\bin\debug\encryptiontoolunittests.dll" id="3ef3097f-b5bd-22d1-f6b4-a6bc3aa75dc7">
      <Execution id="748fce16-fa63-4bfb-955d-52169e2d2888" />
      <TestMethod codeBase="C:/Users/attfire1/Desktop/EncryptionToolPractical/EncryptionToolUnitTests/bin/Debug/EncryptionToolUnitTests.DLL" adapterTypeName="Microsoft.VisualStudio.TestTools.TestTypes.Unit.UnitTestAdapter, Microsoft.VisualStudio.QualityTools.Tips.UnitTest.Adapter, Version=10.0.0.0, Culture=neutral, PublicKeyToken=b03f5f7f11d50a3a" className="EncryptionToolUnitTests.UnitTest1, EncryptionToolUnitTests, Version=1.0.0.0, Culture=neutral, PublicKeyToken=null" name="TestMethod1" />
    </UnitTest>
    <UnitTest name="encryptTest" storage="c:\users\attfire1\desktop\encryptiontoolpractical\encryptiontoolunittests\bin\debug\encryptiontoolunittests.dll" id="fa749de0-090b-390b-ca36-e98291bb150a">
      <Execution id="5f0a9423-24b6-4f49-b36d-11ad38265357" />
      <TestMethod codeBase="C:/Users/attfire1/Desktop/EncryptionToolPractical/EncryptionToolUnitTests/bin/Debug/EncryptionToolUnitTests.DLL" adapterTypeName="Microsoft.VisualStudio.TestTools.TestTypes.Unit.UnitTestAdapter, Microsoft.VisualStudio.QualityTools.Tips.UnitTest.Adapter, Version=10.0.0.0, Culture=neutral, PublicKeyToken=b03f5f7f11d50a3a" className="EncryptionToolUnitTests.IEncryptorTest, EncryptionToolUnitTests, Version=1.0.0.0, Culture=neutral, PublicKeyToken=null" name="encryptTest" />
    </UnitTest>
    <UnitTest name="encryptTestPlainTextIntegers" storage="c:\users\attfire1\desktop\encryptiontoolpractical\encryptiontoolunittests\bin\debug\encryptiontoolunittests.dll" id="eaf0f4ff-43e2-97fb-b0ce-5bcb05d0ff5c">
      <Execution id="df34080b-4b9f-4f68-9dae-a9711fd0b200" />
      <TestMethod codeBase="C:/Users/attfire1/Desktop/EncryptionToolPractical/EncryptionToolUnitTests/bin/Debug/EncryptionToolUnitTests.DLL" adapterTypeName="Microsoft.VisualStudio.TestTools.TestTypes.Unit.UnitTestAdapter, Microsoft.VisualStudio.QualityTools.Tips.UnitTest.Adapter, Version=10.0.0.0, Culture=neutral, PublicKeyToken=b03f5f7f11d50a3a" className="EncryptionToolUnitTests.PlainTextTest, EncryptionToolUnitTests, Version=1.0.0.0, Culture=neutral, PublicKeyToken=null" name="encryptTestPlainTextIntegers" />
    </UnitTest>
    <UnitTest name="encryptTest" storage="c:\users\attfire1\desktop\encryptiontoolpractical\encryptiontoolunittests\bin\debug\encryptiontoolunittests.dll" id="b489cc62-0fc2-8557-8dae-fa3abfcc034a">
      <Execution id="e78c9ab3-127c-4a78-bc70-32ca744766db" />
      <TestMethod codeBase="C:/Users/attfire1/Desktop/EncryptionToolPractical/EncryptionToolUnitTests/bin/Debug/EncryptionToolUnitTests.DLL" adapterTypeName="Microsoft.VisualStudio.TestTools.TestTypes.Unit.UnitTestAdapter, Microsoft.VisualStudio.QualityTools.Tips.UnitTest.Adapter, Version=10.0.0.0, Culture=neutral, PublicKeyToken=b03f5f7f11d50a3a" className="EncryptionToolUnitTests.Rot13Test, EncryptionToolUnitTests, Version=1.0.0.0, Culture=neutral, PublicKeyToken=null" name="encryptTest" />
    </UnitTest>
    <UnitTest name="encryptTestPlainTextIntegersUpperCase" storage="c:\users\attfire1\desktop\encryptiontoolpractical\encryptiontoolunittests\bin\debug\encryptiontoolunittests.dll" id="e2f558ad-a387-3f2f-cb66-f98d3fd56a4f">
      <Execution id="7c870d01-59b9-49a4-a427-1ff0efa2b952" />
      <TestMethod codeBase="C:/Users/attfire1/Desktop/EncryptionToolPractical/EncryptionToolUnitTests/bin/Debug/EncryptionToolUnitTests.DLL" adapterTypeName="Microsoft.VisualStudio.TestTools.TestTypes.Unit.UnitTestAdapter, Microsoft.VisualStudio.QualityTools.Tips.UnitTest.Adapter, Version=10.0.0.0, Culture=neutral, PublicKeyToken=b03f5f7f11d50a3a" className="EncryptionToolUnitTests.PlainTextTest, EncryptionToolUnitTests, Version=1.0.0.0, Culture=neutral, PublicKeyToken=null" name="encryptTestPlainTextIntegersUpperCase" />
    </UnitTest>
    <UnitTest name="encryptTestPlainTextUpperCaseString" storage="c:\users\attfire1\desktop\encryptiontoolpractical\encryptiontoolunittests\bin\debug\encryptiontoolunittests.dll" id="bd81480d-1ecc-d686-ebfa-6730c83b04ad">
      <Execution id="b77b4aaa-c363-49c1-aa72-dcea1cd37a2a" />
      <TestMethod codeBase="C:/Users/attfire1/Desktop/EncryptionToolPractical/EncryptionToolUnitTests/bin/Debug/EncryptionToolUnitTests.DLL" adapterTypeName="Microsoft.VisualStudio.TestTools.TestTypes.Unit.UnitTestAdapter, Microsoft.VisualStudio.QualityTools.Tips.UnitTest.Adapter, Version=10.0.0.0, Culture=neutral, PublicKeyToken=b03f5f7f11d50a3a" className="EncryptionToolUnitTests.PlainTextTest, EncryptionToolUnitTests, Version=1.0.0.0, Culture=neutral, PublicKeyToken=null" name="encryptTestPlainTextUpperCaseString" />
    </UnitTest>
    <UnitTest name="encryptTestPlainTextLowerCaseString" storage="c:\users\attfire1\desktop\encryptiontoolpractical\encryptiontoolunittests\bin\debug\encryptiontoolunittests.dll" id="aa648c71-6b40-309c-55e7-8f215617733d">
      <Execution id="8de04bd3-e4d3-4170-a1ed-ff6064edb256" />
      <TestMethod codeBase="C:/Users/attfire1/Desktop/EncryptionToolPractical/EncryptionToolUnitTests/bin/Debug/EncryptionToolUnitTests.DLL" adapterTypeName="Microsoft.VisualStudio.TestTools.TestTypes.Unit.UnitTestAdapter, Microsoft.VisualStudio.QualityTools.Tips.UnitTest.Adapter, Version=10.0.0.0, Culture=neutral, PublicKeyToken=b03f5f7f11d50a3a" className="EncryptionToolUnitTests.PlainTextTest, EncryptionToolUnitTests, Version=1.0.0.0, Culture=neutral, PublicKeyToken=null" name="encryptTestPlainTextLowerCaseString" />
    </UnitTest>
  </TestDefinitions>
  <TestLists>
    <TestList name="Results Not in a List" id="8c84fa94-04c1-424b-9868-57a2d4851a1d" />
    <TestList name="All Loaded Results" id="19431567-8539-422a-85d7-44ee4e166bda" />
  </TestLists>
  <TestEntries>
    <TestEntry testId="3ef3097f-b5bd-22d1-f6b4-a6bc3aa75dc7" executionId="748fce16-fa63-4bfb-955d-52169e2d2888" testListId="8c84fa94-04c1-424b-9868-57a2d4851a1d" />
    <TestEntry testId="aa648c71-6b40-309c-55e7-8f215617733d" executionId="8de04bd3-e4d3-4170-a1ed-ff6064edb256" testListId="8c84fa94-04c1-424b-9868-57a2d4851a1d" />
    <TestEntry testId="b489cc62-0fc2-8557-8dae-fa3abfcc034a" executionId="e78c9ab3-127c-4a78-bc70-32ca744766db" testListId="8c84fa94-04c1-424b-9868-57a2d4851a1d" />
    <TestEntry testId="bd81480d-1ecc-d686-ebfa-6730c83b04ad" executionId="b77b4aaa-c363-49c1-aa72-dcea1cd37a2a" testListId="8c84fa94-04c1-424b-9868-57a2d4851a1d" />
    <TestEntry testId="e2f558ad-a387-3f2f-cb66-f98d3fd56a4f" executionId="7c870d01-59b9-49a4-a427-1ff0efa2b952" testListId="8c84fa94-04c1-424b-9868-57a2d4851a1d" />
    <TestEntry testId="eaf0f4ff-43e2-97fb-b0ce-5bcb05d0ff5c" executionId="df34080b-4b9f-4f68-9dae-a9711fd0b200" testListId="8c84fa94-04c1-424b-9868-57a2d4851a1d" />
    <TestEntry testId="fa749de0-090b-390b-ca36-e98291bb150a" executionId="5f0a9423-24b6-4f49-b36d-11ad38265357" testListId="8c84fa94-04c1-424b-9868-57a2d4851a1d" />
  </TestEntries>
  <Results>
    <UnitTestResult executionId="748fce16-fa63-4bfb-955d-52169e2d2888" testId="3ef3097f-b5bd-22d1-f6b4-a6bc3aa75dc7" testName="TestMethod1" computerName="D206-59042" duration="00:00:00.0097089" startTime="2014-03-14T23:41:49.1809694+13:00" endTime="2014-03-14T23:41:49.3149694+13:00" testType="13cdc9d9-ddb5-4fa4-a97d-d965ccfc6d4b" outcome="Passed" testListId="8c84fa94-04c1-424b-9868-57a2d4851a1d" relativeResultsDirectory="748fce16-fa63-4bfb-955d-52169e2d2888">
    </UnitTestResult>
    <UnitTestResult executionId="8de04bd3-e4d3-4170-a1ed-ff6064edb256" testId="aa648c71-6b40-309c-55e7-8f215617733d" testName="encryptTestPlainTextLowerCaseString" computerName="D206-59042" duration="00:00:00.0004823" startTime="2014-03-14T23:41:49.3159694+13:00" endTime="2014-03-14T23:41:49.3179694+13:00" testType="13cdc9d9-ddb5-4fa4-a97d-d965ccfc6d4b" outcome="Passed" testListId="8c84fa94-04c1-424b-9868-57a2d4851a1d" relativeResultsDirectory="8de04bd3-e4d3-4170-a1ed-ff6064edb256">
    </UnitTestResult>
    <UnitTestResult executionId="e78c9ab3-127c-4a78-bc70-32ca744766db" testId="b489cc62-0fc2-8557-8dae-fa3abfcc034a" testName="encryptTest" computerName="D206-59042" duration="00:00:00.0261888" startTime="2014-03-14T23:41:49.3189694+13:00" endTime="2014-03-14T23:41:49.3469694+13:00" testType="13cdc9d9-ddb5-4fa4-a97d-d965ccfc6d4b" outcome="Inconclusive" testListId="8c84fa94-04c1-424b-9868-57a2d4851a1d" relativeResultsDirectory="e78c9ab3-127c-4a78-bc70-32ca744766db">
      <Output>
        <ErrorInfo>
          <Message>Assert.Inconclusive failed. Verify the correctness of this test method.</Message>
          <StackTrace>   at EncryptionToolUnitTests.Rot13Test.encryptTest() in C:\Users\attfire1\Desktop\EncryptionToolPractical\EncryptionToolUnitTests\Rot13Test.cs:line 89
</StackTrace>
        </ErrorInfo>
      </Output>
    </UnitTestResult>
    <UnitTestResult executionId="b77b4aaa-c363-49c1-aa72-dcea1cd37a2a" testId="bd81480d-1ecc-d686-ebfa-6730c83b04ad" testName="encryptTestPlainTextUpperCaseString" computerName="D206-59042" duration="00:00:00.0001799" startTime="2014-03-14T23:41:49.3479694+13:00" endTime="2014-03-14T23:41:49.3499694+13:00" testType="13cdc9d9-ddb5-4fa4-a97d-d965ccfc6d4b" outcome="Passed" testListId="8c84fa94-04c1-424b-9868-57a2d4851a1d" relativeResultsDirectory="b77b4aaa-c363-49c1-aa72-dcea1cd37a2a">
    </UnitTestResult>
    <UnitTestResult executionId="7c870d01-59b9-49a4-a427-1ff0efa2b952" testId="e2f558ad-a387-3f2f-cb66-f98d3fd56a4f" testName="encryptTestPlainTextIntegersUpperCase" computerName="D206-59042" duration="00:00:00.0001863" startTime="2014-03-14T23:41:49.3519694+13:00" endTime="2014-03-14T23:41:49.3539694+13:00" testType="13cdc9d9-ddb5-4fa4-a97d-d965ccfc6d4b" outcome="Passed" testListId="8c84fa94-04c1-424b-9868-57a2d4851a1d" relativeResultsDirectory="7c870d01-59b9-49a4-a427-1ff0efa2b952">
    </UnitTestResult>
    <UnitTestResult executionId="df34080b-4b9f-4f68-9dae-a9711fd0b200" testId="eaf0f4ff-43e2-97fb-b0ce-5bcb05d0ff5c" testName="encryptTestPlainTextIntegers" computerName="D206-59042" duration="00:00:00.0001850" startTime="2014-03-14T23:41:49.3539694+13:00" endTime="2014-03-14T23:41:49.3579694+13:00" testType="13cdc9d9-ddb5-4fa4-a97d-d965ccfc6d4b" outcome="Passed" testListId="8c84fa94-04c1-424b-9868-57a2d4851a1d" relativeResultsDirectory="df34080b-4b9f-4f68-9dae-a9711fd0b200">
    </UnitTestResult>
    <UnitTestResult executionId="5f0a9423-24b6-4f49-b36d-11ad38265357" testId="fa749de0-090b-390b-ca36-e98291bb150a" testName="encryptTest" computerName="D206-59042" duration="00:00:00.0088007" startTime="2014-03-14T23:41:49.3649694+13:00" endTime="2014-03-14T23:41:49.3779694+13:00" testType="13cdc9d9-ddb5-4fa4-a97d-d965ccfc6d4b" outcome="Failed" testListId="8c84fa94-04c1-424b-9868-57a2d4851a1d" relativeResultsDirectory="5f0a9423-24b6-4f49-b36d-11ad38265357">
      <Output>
        <ErrorInfo>
          <Message>Test method EncryptionToolUnitTests.IEncryptorTest.encryptTest threw exception: 
System.NullReferenceException: Object reference not set to an instance of an object.</Message>
          <StackTrace>    at EncryptionToolUnitTests.IEncryptorTest.encryptTest() in C:\Users\attfire1\Desktop\EncryptionToolPractical\EncryptionToolUnitTests\IEncryptorTest.cs:line 84
</StackTrace>
        </ErrorInfo>
      </Output>
    </UnitTestResult>
  </Results>
</TestRun>