<?xml version="1.0" encoding="UTF-8"?>
<TestRun id="eba5b790-9626-4826-9496-c57f9c73f98c" name="attfire1@D206-59042 2014-03-14 23:39:35" runUser="OPNET\attfire1" xmlns="http://microsoft.com/schemas/VisualStudio/TeamTest/2010">
  <TestSettings name="Local" id="f279ea62-320e-40c3-b444-a69b5220c512">
    <Description>These are default test settings for a local test run.</Description>
    <Deployment enabled="false" runDeploymentRoot="attfire1_D206-59042 2014-03-14 23_39_35">
      <DeploymentItem filename="C:\Users\attfire1\Desktop\EncryptionToolPractical\EncryptionToolPractical\bin\Debug\EncryptionToolPractical.exe" />
    </Deployment>
    <Execution>
      <TestTypeSpecific />
      <AgentRule name="Execution Agents">
      </AgentRule>
    </Execution>
  </TestSettings>
  <Times creation="2014-03-14T23:39:35.2229694+13:00" queuing="2014-03-14T23:39:35.2649694+13:00" start="2014-03-14T23:39:35.2699694+13:00" finish="2014-03-14T23:39:35.4179694+13:00" />
  <ResultSummary outcome="Completed">
    <Counters total="1" executed="1" passed="1" error="0" failed="0" timeout="0" aborted="0" inconclusive="0" passedButRunAborted="0" notRunnable="0" notExecuted="0" disconnected="0" warning="0" completed="0" inProgress="0" pending="0" />
  </ResultSummary>
  <TestDefinitions>
    <UnitTest name="encryptTestPlainTextIntegers" storage="c:\users\attfire1\desktop\encryptiontoolpractical\encryptiontoolunittests\bin\debug\encryptiontoolunittests.dll" id="eaf0f4ff-43e2-97fb-b0ce-5bcb05d0ff5c">
      <Execution id="ed5be722-e1ef-497d-8d65-9e83dce58285" />
      <TestMethod codeBase="C:/Users/attfire1/Desktop/EncryptionToolPractical/EncryptionToolUnitTests/bin/Debug/EncryptionToolUnitTests.DLL" adapterTypeName="Microsoft.VisualStudio.TestTools.TestTypes.Unit.UnitTestAdapter, Microsoft.VisualStudio.QualityTools.Tips.UnitTest.Adapter, Version=10.0.0.0, Culture=neutral, PublicKeyToken=b03f5f7f11d50a3a" className="EncryptionToolUnitTests.PlainTextTest, EncryptionToolUnitTests, Version=1.0.0.0, Culture=neutral, PublicKeyToken=null" name="encryptTestPlainTextIntegers" />
    </UnitTest>
  </TestDefinitions>
  <TestLists>
    <TestList name="Results Not in a List" id="8c84fa94-04c1-424b-9868-57a2d4851a1d" />
    <TestList name="All Loaded Results" id="19431567-8539-422a-85d7-44ee4e166bda" />
  </TestLists>
  <TestEntries>
    <TestEntry testId="eaf0f4ff-43e2-97fb-b0ce-5bcb05d0ff5c" executionId="ed5be722-e1ef-497d-8d65-9e83dce58285" testListId="8c84fa94-04c1-424b-9868-57a2d4851a1d" />
  </TestEntries>
  <Results>
    <UnitTestResult executionId="ed5be722-e1ef-497d-8d65-9e83dce58285" testId="eaf0f4ff-43e2-97fb-b0ce-5bcb05d0ff5c" testName="encryptTestPlainTextIntegers" computerName="D206-59042" duration="00:00:00.0105020" startTime="2014-03-14T23:39:35.2729694+13:00" endTime="2014-03-14T23:39:35.4089694+13:00" testType="13cdc9d9-ddb5-4fa4-a97d-d965ccfc6d4b" outcome="Passed" testListId="8c84fa94-04c1-424b-9868-57a2d4851a1d" relativeResultsDirectory="ed5be722-e1ef-497d-8d65-9e83dce58285">
    </UnitTestResult>
  </Results>
</TestRun>